[debug] [2022-12-06T15:26:17.952Z] ----------------------------------------------------------------------
[debug] [2022-12-06T15:26:17.955Z] Command:       C:\Program Files\nodejs\node.exe C:\Users\user\AppData\Roaming\npm\node_modules\firebase-tools\lib\bin\firebase.js login
[debug] [2022-12-06T15:26:17.955Z] CLI Version:   11.16.1
[debug] [2022-12-06T15:26:17.955Z] Platform:      win32
[debug] [2022-12-06T15:26:17.955Z] Node Version:  v14.18.1
[debug] [2022-12-06T15:26:17.956Z] Time:          Tue Dec 06 2022 17:26:17 GMT+0200 (שעון ישראל (חורף))
[debug] [2022-12-06T15:26:17.957Z] ----------------------------------------------------------------------
[debug] 
[debug] [2022-12-06T15:26:17.963Z] >>> [apiv2][query] GET https://firebase-public.firebaseio.com/cli.json [none]
[info] i  Firebase optionally collects CLI and Emulator Suite usage and error reporting information to help improve our products. Data is collected in accordance with Google's privacy policy (https://policies.google.com/privacy) and is not used to identify you.
 
[debug] [2022-12-06T15:26:18.396Z] <<< [apiv2][status] GET https://firebase-public.firebaseio.com/cli.json 200
[debug] [2022-12-06T15:26:18.398Z] <<< [apiv2][body] GET https://firebase-public.firebaseio.com/cli.json {"cloudBuildErrorAfter":1594252800000,"cloudBuildWarnAfter":1590019200000,"defaultNode10After":1594252800000,"minVersion":"3.0.5","node8DeploysDisabledAfter":1613390400000,"node8RuntimeDisabledAfter":1615809600000,"node8WarnAfter":1600128000000}
[info] i  To change your data collection preference at any time, run `firebase logout` and log in again. 
[info] 
[info] Visit this URL on this device to log in:
[info] https://accounts.google.com/o/oauth2/auth?client_id=563584335869-fgrhgmd47bqnekij5i8b5pr03ho849e6.apps.googleusercontent.com&scope=email%20openid%20https%3A%2F%2Fwww.googleapis.com%2Fauth%2Fcloudplatformprojects.readonly%20https%3A%2F%2Fwww.googleapis.com%2Fauth%2Ffirebase%20https%3A%2F%2Fwww.googleapis.com%2Fauth%2Fcloud-platform&response_type=code&state=15713775&redirect_uri=http%3A%2F%2Flocalhost%3A9005
[info] 
[info] Waiting for authentication...
[debug] [2022-12-06T15:26:37.580Z] Unable to open URL: Error: spawn UNKNOWN
    at ChildProcess.spawn (internal/child_process.js:405:11)
    at spawn (child_process.js:677:9)
    at Object.spawnWithSignal [as spawn] (child_process.js:911:17)
    at module.exports (C:\Users\user\AppData\Roaming\npm\node_modules\firebase-tools\node_modules\open\index.js:114:34)
    at open (C:\Users\user\AppData\Roaming\npm\node_modules\firebase-tools\lib\auth.js:139:5)
    at Server.<anonymous> (C:\Users\user\AppData\Roaming\npm\node_modules\firebase-tools\lib\auth.js:371:13)
    at Object.onceWrapper (events.js:519:28)
    at Server.emit (events.js:400:28)
    at Server.emit (domain.js:475:12)
    at emitListeningNT (net.js:1365:10)
    at processTicksAndRejections (internal/process/task_queues.js:81:21)
